1576546474373|67|statement|connection 0|select * from mooc_backend_user_t where user_name=?|select * from mooc_backend_user_t where user_name='admin0'
1576546474482|57|statement|connection 0|SELECT  UUID,user_phone,user_pwd,user_name  FROM mooc_backend_user_t     WHERE (user_name = ?)|SELECT  UUID,user_phone,user_pwd,user_name  FROM mooc_backend_user_t     WHERE (user_name = 'admin4')
1576546474604|113|statement|connection 0|UPDATE mooc_backend_user_t  SET user_phone=?, user_pwd=?, user_name=?  WHERE UUID=?|UPDATE mooc_backend_user_t  SET user_phone='18512341234', user_pwd='chenying', user_name='admin'  WHERE UUID=2
1576546474763|152|statement|connection 0|INSERT INTO mooc_backend_user_t  ( user_phone, user_pwd, user_name )  VALUES  ( ?, ?, ? )|INSERT INTO mooc_backend_user_t  ( user_phone, user_pwd, user_name )  VALUES  ( '17785929710', 'admin0', 'admin0' )
1576546474887|118|statement|connection 0|INSERT INTO mooc_backend_user_t  ( user_phone, user_pwd, user_name )  VALUES  ( ?, ?, ? )|INSERT INTO mooc_backend_user_t  ( user_phone, user_pwd, user_name )  VALUES  ( '17785929711', 'admin1', 'admin1' )
1576546475013|124|statement|connection 0|INSERT INTO mooc_backend_user_t  ( user_phone, user_pwd, user_name )  VALUES  ( ?, ?, ? )|INSERT INTO mooc_backend_user_t  ( user_phone, user_pwd, user_name )  VALUES  ( '17785929712', 'admin2', 'admin2' )
1576546475140|124|statement|connection 0|INSERT INTO mooc_backend_user_t  ( user_phone, user_pwd, user_name )  VALUES  ( ?, ?, ? )|INSERT INTO mooc_backend_user_t  ( user_phone, user_pwd, user_name )  VALUES  ( '17785929713', 'admin3', 'admin3' )
1576546475260|117|statement|connection 0|INSERT INTO mooc_backend_user_t  ( user_phone, user_pwd, user_name )  VALUES  ( ?, ?, ? )|INSERT INTO mooc_backend_user_t  ( user_phone, user_pwd, user_name )  VALUES  ( '17785929714', 'admin4', 'admin4' )
1576546475378|113|statement|connection 0|DELETE FROM mooc_backend_user_t WHERE UUID=?|DELETE FROM mooc_backend_user_t WHERE UUID=3
1576546475439|57|statement|connection 0|SELECT COUNT( 1 ) FROM mooc_backend_user_t|SELECT COUNT( 1 ) FROM mooc_backend_user_t
1576546475594|82|statement|connection 0|SELECT COUNT(1) FROM mooc_backend_user_t|SELECT COUNT(1) FROM mooc_backend_user_t
1576546475656|57|statement|connection 0|SELECT  UUID,user_phone,user_pwd,user_name  FROM mooc_backend_user_t LIMIT ?,?|SELECT  UUID,user_phone,user_pwd,user_name  FROM mooc_backend_user_t LIMIT 0,3
1576546594173|60|statement|connection 0|select * from mooc_backend_user_t where user_name=?|select * from mooc_backend_user_t where user_name='admin0'
1576546594284|51|statement|connection 0|SELECT  UUID,user_phone,user_pwd,user_name  FROM mooc_backend_user_t     WHERE (user_name = ?)|SELECT  UUID,user_phone,user_pwd,user_name  FROM mooc_backend_user_t     WHERE (user_name = 'admin4')
1576546594392|99|statement|connection 0|UPDATE mooc_backend_user_t  SET user_phone=?, user_pwd=?, user_name=?  WHERE UUID=?|UPDATE mooc_backend_user_t  SET user_phone='18512341234', user_pwd='chenying', user_name='admin'  WHERE UUID=2
1576546594504|105|statement|connection 0|INSERT INTO mooc_backend_user_t  ( user_phone, user_pwd, user_name )  VALUES  ( ?, ?, ? )|INSERT INTO mooc_backend_user_t  ( user_phone, user_pwd, user_name )  VALUES  ( '17785929710', 'admin0', 'admin0' )
1576546594612|102|statement|connection 0|INSERT INTO mooc_backend_user_t  ( user_phone, user_pwd, user_name )  VALUES  ( ?, ?, ? )|INSERT INTO mooc_backend_user_t  ( user_phone, user_pwd, user_name )  VALUES  ( '17785929711', 'admin1', 'admin1' )
1576546594718|103|statement|connection 0|INSERT INTO mooc_backend_user_t  ( user_phone, user_pwd, user_name )  VALUES  ( ?, ?, ? )|INSERT INTO mooc_backend_user_t  ( user_phone, user_pwd, user_name )  VALUES  ( '17785929712', 'admin2', 'admin2' )
1576546594823|102|statement|connection 0|INSERT INTO mooc_backend_user_t  ( user_phone, user_pwd, user_name )  VALUES  ( ?, ?, ? )|INSERT INTO mooc_backend_user_t  ( user_phone, user_pwd, user_name )  VALUES  ( '17785929713', 'admin3', 'admin3' )
1576546594927|101|statement|connection 0|INSERT INTO mooc_backend_user_t  ( user_phone, user_pwd, user_name )  VALUES  ( ?, ?, ? )|INSERT INTO mooc_backend_user_t  ( user_phone, user_pwd, user_name )  VALUES  ( '17785929714', 'admin4', 'admin4' )
1576546595031|99|statement|connection 0|DELETE FROM mooc_backend_user_t WHERE UUID=?|DELETE FROM mooc_backend_user_t WHERE UUID=3
1576546595086|50|statement|connection 0|SELECT COUNT( 1 ) FROM mooc_backend_user_t|SELECT COUNT( 1 ) FROM mooc_backend_user_t
1576546595201|75|statement|connection 0|SELECT COUNT(1) FROM mooc_backend_user_t|SELECT COUNT(1) FROM mooc_backend_user_t
1576546595257|50|statement|connection 0|SELECT  UUID,user_phone,user_pwd,user_name  FROM mooc_backend_user_t LIMIT ?,?|SELECT  UUID,user_phone,user_pwd,user_name  FROM mooc_backend_user_t LIMIT 0,3
1576546693910|69|statement|connection 0|SELECT  UUID,user_phone,user_pwd,user_name  FROM mooc_backend_user_t     WHERE (user_name = ?)|SELECT  UUID,user_phone,user_pwd,user_name  FROM mooc_backend_user_t     WHERE (user_name = 'admin4')
1576546694049|113|statement|connection 0|UPDATE mooc_backend_user_t  SET user_phone=?, user_pwd=?, user_name=?  WHERE UUID=?|UPDATE mooc_backend_user_t  SET user_phone='18512341234', user_pwd='chenying', user_name='admin'  WHERE UUID=2
1576546694173|117|statement|connection 0|INSERT INTO mooc_backend_user_t  ( user_phone, user_pwd, user_name )  VALUES  ( ?, ?, ? )|INSERT INTO mooc_backend_user_t  ( user_phone, user_pwd, user_name )  VALUES  ( '17785929710', 'admin0', 'admin0' )
1576546694293|115|statement|connection 0|INSERT INTO mooc_backend_user_t  ( user_phone, user_pwd, user_name )  VALUES  ( ?, ?, ? )|INSERT INTO mooc_backend_user_t  ( user_phone, user_pwd, user_name )  VALUES  ( '17785929711', 'admin1', 'admin1' )
1576546694410|115|statement|connection 0|INSERT INTO mooc_backend_user_t  ( user_phone, user_pwd, user_name )  VALUES  ( ?, ?, ? )|INSERT INTO mooc_backend_user_t  ( user_phone, user_pwd, user_name )  VALUES  ( '17785929712', 'admin2', 'admin2' )
1576546694528|116|statement|connection 0|INSERT INTO mooc_backend_user_t  ( user_phone, user_pwd, user_name )  VALUES  ( ?, ?, ? )|INSERT INTO mooc_backend_user_t  ( user_phone, user_pwd, user_name )  VALUES  ( '17785929713', 'admin3', 'admin3' )
1576546694645|114|statement|connection 0|INSERT INTO mooc_backend_user_t  ( user_phone, user_pwd, user_name )  VALUES  ( ?, ?, ? )|INSERT INTO mooc_backend_user_t  ( user_phone, user_pwd, user_name )  VALUES  ( '17785929714', 'admin4', 'admin4' )
1576546694762|112|statement|connection 0|DELETE FROM mooc_backend_user_t WHERE UUID=?|DELETE FROM mooc_backend_user_t WHERE UUID=3
1576546694824|57|statement|connection 0|SELECT COUNT( 1 ) FROM mooc_backend_user_t|SELECT COUNT( 1 ) FROM mooc_backend_user_t
1576546694961|89|statement|connection 0|SELECT COUNT(1) FROM mooc_backend_user_t|SELECT COUNT(1) FROM mooc_backend_user_t
1576546695024|57|statement|connection 0|SELECT  UUID,user_phone,user_pwd,user_name  FROM mooc_backend_user_t LIMIT ?,?|SELECT  UUID,user_phone,user_pwd,user_name  FROM mooc_backend_user_t LIMIT 0,3
1576546771778|67|statement|connection 0|SELECT  UUID,user_phone,user_pwd,user_name  FROM mooc_backend_user_t     WHERE (user_name = ?)|SELECT  UUID,user_phone,user_pwd,user_name  FROM mooc_backend_user_t     WHERE (user_name = 'admin4')
1576546771927|113|statement|connection 0|UPDATE mooc_backend_user_t  SET user_phone=?, user_pwd=?, user_name=?  WHERE UUID=?|UPDATE mooc_backend_user_t  SET user_phone='18512341234', user_pwd='chenying', user_name='admin'  WHERE UUID=2
1576546772050|116|statement|connection 0|INSERT INTO mooc_backend_user_t  ( user_phone, user_pwd, user_name )  VALUES  ( ?, ?, ? )|INSERT INTO mooc_backend_user_t  ( user_phone, user_pwd, user_name )  VALUES  ( '17785929710', 'admin0', 'admin0' )
1576546772171|115|statement|connection 0|INSERT INTO mooc_backend_user_t  ( user_phone, user_pwd, user_name )  VALUES  ( ?, ?, ? )|INSERT INTO mooc_backend_user_t  ( user_phone, user_pwd, user_name )  VALUES  ( '17785929711', 'admin1', 'admin1' )
1576546772289|114|statement|connection 0|INSERT INTO mooc_backend_user_t  ( user_phone, user_pwd, user_name )  VALUES  ( ?, ?, ? )|INSERT INTO mooc_backend_user_t  ( user_phone, user_pwd, user_name )  VALUES  ( '17785929712', 'admin2', 'admin2' )
1576546772407|115|statement|connection 0|INSERT INTO mooc_backend_user_t  ( user_phone, user_pwd, user_name )  VALUES  ( ?, ?, ? )|INSERT INTO mooc_backend_user_t  ( user_phone, user_pwd, user_name )  VALUES  ( '17785929713', 'admin3', 'admin3' )
1576546772526|116|statement|connection 0|INSERT INTO mooc_backend_user_t  ( user_phone, user_pwd, user_name )  VALUES  ( ?, ?, ? )|INSERT INTO mooc_backend_user_t  ( user_phone, user_pwd, user_name )  VALUES  ( '17785929714', 'admin4', 'admin4' )
1576546772643|113|statement|connection 0|DELETE FROM mooc_backend_user_t WHERE UUID=?|DELETE FROM mooc_backend_user_t WHERE UUID=3
1576546772704|56|statement|connection 0|SELECT COUNT( 1 ) FROM mooc_backend_user_t|SELECT COUNT( 1 ) FROM mooc_backend_user_t
1576546772830|86|statement|connection 0|SELECT COUNT(1) FROM mooc_backend_user_t|SELECT COUNT(1) FROM mooc_backend_user_t
1576546772892|56|statement|connection 0|SELECT  UUID,user_phone,user_pwd,user_name  FROM mooc_backend_user_t LIMIT ?,?|SELECT  UUID,user_phone,user_pwd,user_name  FROM mooc_backend_user_t LIMIT 0,3
1576546844672|66|statement|connection 0|SELECT  UUID,user_phone,user_pwd,user_name  FROM mooc_backend_user_t     WHERE (user_name = ?)|SELECT  UUID,user_phone,user_pwd,user_name  FROM mooc_backend_user_t     WHERE (user_name = 'admin4')
1576546844809|115|statement|connection 0|UPDATE mooc_backend_user_t  SET user_phone=?, user_pwd=?, user_name=?  WHERE UUID=?|UPDATE mooc_backend_user_t  SET user_phone='18512341234', user_pwd='chenying', user_name='admin'  WHERE UUID=2
1576546844936|118|statement|connection 0|INSERT INTO mooc_backend_user_t  ( user_phone, user_pwd, user_name )  VALUES  ( ?, ?, ? )|INSERT INTO mooc_backend_user_t  ( user_phone, user_pwd, user_name )  VALUES  ( '17785929710', 'admin0', 'admin0' )
1576546845061|120|statement|connection 0|INSERT INTO mooc_backend_user_t  ( user_phone, user_pwd, user_name )  VALUES  ( ?, ?, ? )|INSERT INTO mooc_backend_user_t  ( user_phone, user_pwd, user_name )  VALUES  ( '17785929711', 'admin1', 'admin1' )
1576546845181|117|statement|connection 0|INSERT INTO mooc_backend_user_t  ( user_phone, user_pwd, user_name )  VALUES  ( ?, ?, ? )|INSERT INTO mooc_backend_user_t  ( user_phone, user_pwd, user_name )  VALUES  ( '17785929712', 'admin2', 'admin2' )
1576546845301|117|statement|connection 0|INSERT INTO mooc_backend_user_t  ( user_phone, user_pwd, user_name )  VALUES  ( ?, ?, ? )|INSERT INTO mooc_backend_user_t  ( user_phone, user_pwd, user_name )  VALUES  ( '17785929713', 'admin3', 'admin3' )
1576546845421|117|statement|connection 0|INSERT INTO mooc_backend_user_t  ( user_phone, user_pwd, user_name )  VALUES  ( ?, ?, ? )|INSERT INTO mooc_backend_user_t  ( user_phone, user_pwd, user_name )  VALUES  ( '17785929714', 'admin4', 'admin4' )
1576546845542|115|statement|connection 0|DELETE FROM mooc_backend_user_t WHERE UUID=?|DELETE FROM mooc_backend_user_t WHERE UUID=3
1576546845604|58|statement|connection 0|SELECT COUNT( 1 ) FROM mooc_backend_user_t|SELECT COUNT( 1 ) FROM mooc_backend_user_t
1576546845731|91|statement|connection 0|SELECT COUNT(1) FROM mooc_backend_user_t|SELECT COUNT(1) FROM mooc_backend_user_t
1576546845793|58|statement|connection 0|SELECT  UUID,user_phone,user_pwd,user_name  FROM mooc_backend_user_t LIMIT ?,?|SELECT  UUID,user_phone,user_pwd,user_name  FROM mooc_backend_user_t LIMIT 0,3
1576546882444|62|statement|connection 0|SELECT  UUID,user_phone,user_pwd,user_name  FROM mooc_backend_user_t     WHERE (user_name = ?)|SELECT  UUID,user_phone,user_pwd,user_name  FROM mooc_backend_user_t     WHERE (user_name = 'admin4')
1576546882571|106|statement|connection 0|UPDATE mooc_backend_user_t  SET user_phone=?, user_pwd=?, user_name=?  WHERE UUID=?|UPDATE mooc_backend_user_t  SET user_phone='18512341234', user_pwd='chenying', user_name='admin'  WHERE UUID=2
1576546882688|109|statement|connection 0|INSERT INTO mooc_backend_user_t  ( user_phone, user_pwd, user_name )  VALUES  ( ?, ?, ? )|INSERT INTO mooc_backend_user_t  ( user_phone, user_pwd, user_name )  VALUES  ( '17785929710', 'admin0', 'admin0' )
1576546882802|109|statement|connection 0|INSERT INTO mooc_backend_user_t  ( user_phone, user_pwd, user_name )  VALUES  ( ?, ?, ? )|INSERT INTO mooc_backend_user_t  ( user_phone, user_pwd, user_name )  VALUES  ( '17785929711', 'admin1', 'admin1' )
1576546882912|108|statement|connection 0|INSERT INTO mooc_backend_user_t  ( user_phone, user_pwd, user_name )  VALUES  ( ?, ?, ? )|INSERT INTO mooc_backend_user_t  ( user_phone, user_pwd, user_name )  VALUES  ( '17785929712', 'admin2', 'admin2' )
1576546883023|108|statement|connection 0|INSERT INTO mooc_backend_user_t  ( user_phone, user_pwd, user_name )  VALUES  ( ?, ?, ? )|INSERT INTO mooc_backend_user_t  ( user_phone, user_pwd, user_name )  VALUES  ( '17785929713', 'admin3', 'admin3' )
1576546883133|107|statement|connection 0|INSERT INTO mooc_backend_user_t  ( user_phone, user_pwd, user_name )  VALUES  ( ?, ?, ? )|INSERT INTO mooc_backend_user_t  ( user_phone, user_pwd, user_name )  VALUES  ( '17785929714', 'admin4', 'admin4' )
1576546883246|106|statement|connection 0|DELETE FROM mooc_backend_user_t WHERE UUID=?|DELETE FROM mooc_backend_user_t WHERE UUID=3
1576546883303|53|statement|connection 0|SELECT COUNT( 1 ) FROM mooc_backend_user_t|SELECT COUNT( 1 ) FROM mooc_backend_user_t
1576546883430|82|statement|connection 0|SELECT COUNT(1) FROM mooc_backend_user_t|SELECT COUNT(1) FROM mooc_backend_user_t
1576546883489|53|statement|connection 0|SELECT  UUID,user_phone,user_pwd,user_name  FROM mooc_backend_user_t LIMIT ?,?|SELECT  UUID,user_phone,user_pwd,user_name  FROM mooc_backend_user_t LIMIT 0,3
1576547007715|76|statement|connection 0|SELECT  UUID,user_phone,user_pwd,user_name  FROM mooc_backend_user_t     WHERE (user_name = ?)|SELECT  UUID,user_phone,user_pwd,user_name  FROM mooc_backend_user_t     WHERE (user_name = 'admin4')
1576547007886|116|statement|connection 0|UPDATE mooc_backend_user_t  SET user_phone=?, user_pwd=?, user_name=?  WHERE UUID=?|UPDATE mooc_backend_user_t  SET user_phone='18512341234', user_pwd='chenying', user_name='admin'  WHERE UUID=2
1576547008017|117|statement|connection 0|INSERT INTO mooc_backend_user_t  ( user_phone, user_pwd, user_name )  VALUES  ( ?, ?, ? )|INSERT INTO mooc_backend_user_t  ( user_phone, user_pwd, user_name )  VALUES  ( '17785929710', 'admin0', 'admin0' )
1576547008141|118|statement|connection 0|INSERT INTO mooc_backend_user_t  ( user_phone, user_pwd, user_name )  VALUES  ( ?, ?, ? )|INSERT INTO mooc_backend_user_t  ( user_phone, user_pwd, user_name )  VALUES  ( '17785929711', 'admin1', 'admin1' )
1576547008259|115|statement|connection 0|INSERT INTO mooc_backend_user_t  ( user_phone, user_pwd, user_name )  VALUES  ( ?, ?, ? )|INSERT INTO mooc_backend_user_t  ( user_phone, user_pwd, user_name )  VALUES  ( '17785929712', 'admin2', 'admin2' )
1576547008377|115|statement|connection 0|INSERT INTO mooc_backend_user_t  ( user_phone, user_pwd, user_name )  VALUES  ( ?, ?, ? )|INSERT INTO mooc_backend_user_t  ( user_phone, user_pwd, user_name )  VALUES  ( '17785929713', 'admin3', 'admin3' )
1576547008503|122|statement|connection 0|INSERT INTO mooc_backend_user_t  ( user_phone, user_pwd, user_name )  VALUES  ( ?, ?, ? )|INSERT INTO mooc_backend_user_t  ( user_phone, user_pwd, user_name )  VALUES  ( '17785929714', 'admin4', 'admin4' )
1576547008625|113|statement|connection 0|DELETE FROM mooc_backend_user_t WHERE UUID=?|DELETE FROM mooc_backend_user_t WHERE UUID=3
1576547008689|58|statement|connection 0|SELECT COUNT( 1 ) FROM mooc_backend_user_t|SELECT COUNT( 1 ) FROM mooc_backend_user_t
1576547008848|99|statement|connection 0|SELECT COUNT(1) FROM mooc_backend_user_t|SELECT COUNT(1) FROM mooc_backend_user_t
1576547008910|56|statement|connection 0|SELECT  UUID,user_phone,user_pwd,user_name  FROM mooc_backend_user_t LIMIT ?,?|SELECT  UUID,user_phone,user_pwd,user_name  FROM mooc_backend_user_t LIMIT 0,3
1576549002943|59|statement|connection 0|SELECT  UUID,user_phone,user_pwd,user_name  FROM mooc_backend_user_t     WHERE (user_name = ?)|SELECT  UUID,user_phone,user_pwd,user_name  FROM mooc_backend_user_t     WHERE (user_name = 'admin4')
1576549003068|98|statement|connection 0|UPDATE mooc_backend_user_t  SET user_phone=?, user_pwd=?, user_name=?  WHERE UUID=?|UPDATE mooc_backend_user_t  SET user_phone='18512341234', user_pwd='chenying', user_name='admin'  WHERE UUID=2
1576549003181|100|statement|connection 0|INSERT INTO mooc_backend_user_t  ( user_phone, user_pwd, user_name )  VALUES  ( ?, ?, ? )|INSERT INTO mooc_backend_user_t  ( user_phone, user_pwd, user_name )  VALUES  ( '17785929710', 'admin0', 'admin0' )
1576549003288|101|statement|connection 0|INSERT INTO mooc_backend_user_t  ( user_phone, user_pwd, user_name )  VALUES  ( ?, ?, ? )|INSERT INTO mooc_backend_user_t  ( user_phone, user_pwd, user_name )  VALUES  ( '17785929711', 'admin1', 'admin1' )
1576549003395|100|statement|connection 0|INSERT INTO mooc_backend_user_t  ( user_phone, user_pwd, user_name )  VALUES  ( ?, ?, ? )|INSERT INTO mooc_backend_user_t  ( user_phone, user_pwd, user_name )  VALUES  ( '17785929712', 'admin2', 'admin2' )
1576549003498|100|statement|connection 0|INSERT INTO mooc_backend_user_t  ( user_phone, user_pwd, user_name )  VALUES  ( ?, ?, ? )|INSERT INTO mooc_backend_user_t  ( user_phone, user_pwd, user_name )  VALUES  ( '17785929713', 'admin3', 'admin3' )
1576549003601|100|statement|connection 0|INSERT INTO mooc_backend_user_t  ( user_phone, user_pwd, user_name )  VALUES  ( ?, ?, ? )|INSERT INTO mooc_backend_user_t  ( user_phone, user_pwd, user_name )  VALUES  ( '17785929714', 'admin4', 'admin4' )
1576549003710|99|statement|connection 0|DELETE FROM mooc_backend_user_t WHERE UUID=?|DELETE FROM mooc_backend_user_t WHERE UUID=3
1576549003763|48|statement|connection 0|SELECT COUNT( 1 ) FROM mooc_backend_user_t|SELECT COUNT( 1 ) FROM mooc_backend_user_t
1576549003892|80|statement|connection 0|SELECT COUNT(1) FROM mooc_backend_user_t|SELECT COUNT(1) FROM mooc_backend_user_t
1576549003950|49|statement|connection 0|SELECT  UUID,user_phone,user_pwd,user_name  FROM mooc_backend_user_t LIMIT ?,?|SELECT  UUID,user_phone,user_pwd,user_name  FROM mooc_backend_user_t LIMIT 0,3
1576551475478|75|statement|connection 0|SELECT  UUID,user_phone,user_pwd,user_name  FROM mooc_backend_user_t     WHERE (user_name = ?)|SELECT  UUID,user_phone,user_pwd,user_name  FROM mooc_backend_user_t     WHERE (user_name = 'admin4')
